#
# A fatal error has been detected by the Java Runtime Environment:
#
#  EXCEPTION_ACCESS_VIOLATION (0xc0000005) at pc=0x00000000614819fe, pid=7456, tid=0x000000000000253c
#
# JRE version: Java(TM) SE Runtime Environment (8.0_271-b09) (build 1.8.0_271-b09)
# Java VM: Java HotSpot(TM) 64-Bit Server VM (25.271-b09 mixed mode windows-amd64 compressed oops)
# Problematic frame:
# C  [vtm-jni64.dll+0x19fe]
#
# Failed to write core dump. Minidumps are not enabled by default on client versions of Windows
#
# If you would like to submit a bug report, please visit:
#   http://bugreport.java.com/bugreport/crash.jsp
# The crash happened outside the Java Virtual Machine in native code.
# See problematic frame for where to report the bug.
#

---------------  T H R E A D  ---------------

Current thread (0x0000015d42f63000):  JavaThread "AWT-EventQueue-0" [_thread_in_native, id=9532, stack(0x00000022f6a00000,0x00000022f6b00000)]

siginfo: ExceptionCode=0xc0000005, writing address 0x00000000457b8a50

Registers:
RAX=0x00000000eba218b8, RBX=0x00000000457b8a50, RCX=0x0000015d42f631f8, RDX=0x0000000040c00000
RSP=0x00000022f6afdba0, RBP=0x00000022f6afdc58, RSI=0x0000015d42f631f8, RDI=0x00000022f6afdc78
R8 =0x00000000eba218b8, R9 =0x0000000000000002, R10=0x0000015d2e9a9f22, R11=0x0000000066e0aab0
R12=0x0000000000000000, R13=0x0000015d46b1aaa0, R14=0x00000022f6afdc88, R15=0x0000015d42f63000
RIP=0x00000000614819fe, EFLAGS=0x0000000000010202

Top of Stack: (sp=0x00000022f6afdba0)
0x00000022f6afdba0:   00000000457b8a50 00000022f6afdc58
0x00000022f6afdbb0:   0000015d42f631f8 0000015d46b1aaa0
0x00000022f6afdbc0:   0000015d46b1aaa0 0000000020200021
0x00000022f6afdbd0:   0000015d2e997dc0 0000015d2e9a9f4e
0x00000022f6afdbe0:   0000015d2e997dc0 0000015d2e9a9c5b
0x00000022f6afdbf0:   0000015d46b1aaa0 00000022f6afdc58
0x00000022f6afdc00:   0000000020200021 0000015d42f63000
0x00000022f6afdc10:   0000015d2e9a9c02 00000022f6afdc18
0x00000022f6afdc20:   0000015d46b1aaa0 00000022f6afdc88
0x00000022f6afdc30:   0000015d46b1c7a0 0000000000000000
0x00000022f6afdc40:   0000015d46b1aaa0 0000000000000000
0x00000022f6afdc50:   00000022f6afdc78 00000022f6afdcd0
0x00000022f6afdc60:   0000015d2e99837d 00000000eba1bb08
0x00000022f6afdc70:   0000015d2e9a2d78 00000000eba218a8
0x00000022f6afdc80:   00000000457b8a50 00000000eba1c9a8
0x00000022f6afdc90:   00000022f6afdc90 0000015d46b1992a 

Instructions: (pc=0x00000000614819fe)
0x00000000614819de:   89 ce 4c 89 cf 45 31 c0 4c 89 ca ff 90 f0 06 00
0x00000000614819ee:   00 48 8b 10 49 89 c0 41 b9 02 00 00 00 48 89 f1
0x00000000614819fe:   48 89 13 48 8b 50 08 48 89 53 08 48 8b 50 10 48
0x0000000061481a0e:   89 53 10 48 8b 50 18 48 89 53 18 48 8b 50 20 48 


Register to memory mapping:

RAX=0x00000000eba218b8 is an oop

[error occurred during error reporting (printing register info), id 0xc0000005]

Stack: [0x00000022f6a00000,0x00000022f6b00000],  sp=0x00000022f6afdba0,  free space=1014k
Native frames: (J=compiled Java code, j=interpreted, Vv=VM code, C=native code)
C  [vtm-jni64.dll+0x19fe]
C  0x0000015d2e9a9f4e

Java frames: (J=compiled Java code, j=interpreted, Vv=VM code)
j  org.oscim.renderer.GLMatrix.set(J[F)V+0
j  org.oscim.renderer.GLMatrix.set([F)V+26
j  org.oscim.map.ViewController.setViewSize(II)V+54
j  org.oscim.gdx.GdxMap.create()V+140
j  gr.talent.d.a.i.create()V+1
j  com.badlogic.gdx.backends.lwjgl.LwjglCanvas.create()V+11
j  com.badlogic.gdx.backends.lwjgl.LwjglCanvas$1.addNotify()V+60
J 1311 C1 java.awt.Container.addImpl(Ljava/awt/Component;Ljava/lang/Object;I)V (364 bytes) @ 0x0000015d2ee1c11c [0x0000015d2ee1aa40+0x16dc]
J 1303 C1 java.awt.Container.add(Ljava/awt/Component;)Ljava/awt/Component; (9 bytes) @ 0x0000015d2ee15d9c [0x0000015d2ee15c80+0x11c]
j  com.badlogic.gdx.backends.lwjgl.LwjglFrame.addCanvas()V+11
j  com.badlogic.gdx.backends.lwjgl.LwjglFrame$2.run()V+4
j  java.awt.event.InvocationEvent.dispatch()V+47
j  java.awt.EventQueue.dispatchEventImpl(Ljava/awt/AWTEvent;Ljava/lang/Object;)V+21
j  java.awt.EventQueue.access$500(Ljava/awt/EventQueue;Ljava/awt/AWTEvent;Ljava/lang/Object;)V+3
j  java.awt.EventQueue$3.run()Ljava/lang/Void;+32
j  java.awt.EventQueue$3.run()Ljava/lang/Object;+1
v  ~StubRoutines::call_stub
j  java.security.AccessController.doPrivileged(Ljava/security/PrivilegedAction;Ljava/security/AccessControlContext;)Ljava/lang/Object;+0
j  java.security.ProtectionDomain$JavaSecurityAccessImpl.doIntersectionPrivilege(Ljava/security/PrivilegedAction;Ljava/security/AccessControlContext;Ljava/security/AccessControlContext;)Ljava/lang/Object;+18
j  java.awt.EventQueue.dispatchEvent(Ljava/awt/AWTEvent;)V+46
j  java.awt.EventDispatchThread.pumpOneEventForFilters(I)V+140
j  java.awt.EventDispatchThread.pumpEventsForFilter(ILjava/awt/Conditional;Ljava/awt/EventFilter;)V+35
j  java.awt.EventDispatchThread.pumpEventsForHierarchy(ILjava/awt/Conditional;Ljava/awt/Component;)V+11
j  java.awt.EventDispatchThread.pumpEvents(ILjava/awt/Conditional;)V+4
j  java.awt.EventDispatchThread.pumpEvents(Ljava/awt/Conditional;)V+3
j  java.awt.EventDispatchThread.run()V+9
v  ~StubRoutines::call_stub

---------------  P R O C E S S  ---------------

Java Threads: ( => current thread )
  0x0000015d44870800 JavaThread "Swing-Shell" daemon [_thread_blocked, id=8896, stack(0x00000022f6c00000,0x00000022f6d00000)]
  0x0000015d443b3000 JavaThread "Image Fetcher 0" daemon [_thread_blocked, id=16604, stack(0x00000022f6b00000,0x00000022f6c00000)]
  0x0000015d2cfbf800 JavaThread "DestroyJavaVM" [_thread_blocked, id=15652, stack(0x00000022f5300000,0x00000022f5400000)]
=>0x0000015d42f63000 JavaThread "AWT-EventQueue-0" [_thread_in_native, id=9532, stack(0x00000022f6a00000,0x00000022f6b00000)]
  0x0000015d42f54000 JavaThread "AWT-Windows" daemon [_thread_in_native, id=15932, stack(0x00000022f6900000,0x00000022f6a00000)]
  0x0000015d42f50000 JavaThread "AWT-Shutdown" [_thread_blocked, id=1420, stack(0x00000022f6800000,0x00000022f6900000)]
  0x0000015d42f4f000 JavaThread "Java2D Disposer" daemon [_thread_blocked, id=14748, stack(0x00000022f6700000,0x00000022f6800000)]
  0x0000015d42bb0800 JavaThread "Service Thread" daemon [_thread_blocked, id=11312, stack(0x00000022f6500000,0x00000022f6600000)]
  0x0000015d417e1800 JavaThread "C1 CompilerThread3" daemon [_thread_blocked, id=14456, stack(0x00000022f6400000,0x00000022f6500000)]
  0x0000015d417d7800 JavaThread "C2 CompilerThread2" daemon [_thread_blocked, id=9432, stack(0x00000022f6300000,0x00000022f6400000)]
  0x0000015d417d6800 JavaThread "C2 CompilerThread1" daemon [_thread_blocked, id=7960, stack(0x00000022f6200000,0x00000022f6300000)]
  0x0000015d417d3800 JavaThread "C2 CompilerThread0" daemon [_thread_blocked, id=8788, stack(0x00000022f6100000,0x00000022f6200000)]
  0x0000015d417d0800 JavaThread "Attach Listener" daemon [_thread_blocked, id=17180, stack(0x00000022f6000000,0x00000022f6100000)]
  0x0000015d417d0000 JavaThread "Signal Dispatcher" daemon [_thread_blocked, id=2380, stack(0x00000022f5f00000,0x00000022f6000000)]
  0x0000015d417b0000 JavaThread "Finalizer" daemon [_thread_blocked, id=6008, stack(0x00000022f5e00000,0x00000022f5f00000)]
  0x0000015d40bb7000 JavaThread "Reference Handler" daemon [_thread_blocked, id=17448, stack(0x00000022f5d00000,0x00000022f5e00000)]

Other Threads:
  0x0000015d41784800 VMThread [stack: 0x00000022f5c00000,0x00000022f5d00000] [id=10716]
  0x0000015d42bd4800 WatcherThread [stack: 0x00000022f6600000,0x00000022f6700000] [id=16672]

VM state:not at safepoint (normal execution)

VM Mutex/Monitor currently owned by a thread: None

heap address: 0x00000000c0000000, size: 1024 MB, Compressed Oops mode: 32-bit
Narrow klass base: 0x0000000000000000, Narrow klass shift: 3
Compressed class space size: 1073741824 Address: 0x0000000100000000

Heap:
 PSYoungGen      total 37888K, used 21056K [0x00000000eab00000, 0x00000000ed500000, 0x0000000100000000)
  eden space 32768K, 48% used [0x00000000eab00000,0x00000000eba943b0,0x00000000ecb00000)
  from space 5120K, 99% used [0x00000000ecb00000,0x00000000ecffc040,0x00000000ed000000)
  to   space 5120K, 0% used [0x00000000ed000000,0x00000000ed000000,0x00000000ed500000)
 ParOldGen       total 86016K, used 2161K [0x00000000c0000000, 0x00000000c5400000, 0x00000000eab00000)
  object space 86016K, 2% used [0x00000000c0000000,0x00000000c021c448,0x00000000c5400000)
 Metaspace       used 20261K, capacity 20555K, committed 20864K, reserved 1067008K
  class space    used 2557K, capacity 2667K, committed 2688K, reserved 1048576K

Card table byte_map: [0x0000015d3dd50000,0x0000015d3df60000] byte_map_base: 0x0000015d3d750000

Marking Bits: (ParMarkBitMap*) 0x00000000673c7fe0
 Begin Bits: [0x0000015d3e0c0000, 0x0000015d3f0c0000)
 End Bits:   [0x0000015d3f0c0000, 0x0000015d400c0000)

Polling page: 0x0000015d2d130000

CodeCache: size=245760Kb used=6411Kb max_used=6421Kb free=239348Kb
 bounds [0x0000015d2e990000, 0x0000015d2efe0000, 0x0000015d3d990000]
 total_blobs=2603 nmethods=1942 adapters=573
 compilation: enabled

Compilation events (10 events):
Event: 2.840 Thread 0x0000015d417e1800 1938       3       java.util.Calendar::internalSet (8 bytes)
Event: 2.840 Thread 0x0000015d417e1800 nmethod 1938 0x0000015d2efd2290 code [0x0000015d2efd23e0, 0x0000015d2efd2558]
Event: 2.840 Thread 0x0000015d417d6800 1939       4       sun.nio.cs.SingleByte$Encoder::encode (32 bytes)
Event: 2.841 Thread 0x0000015d417e1800 1940       3       java.lang.String::<init> (38 bytes)
Event: 2.841 Thread 0x0000015d417d6800 nmethod 1939 0x0000015d2efd5350 code [0x0000015d2efd54a0, 0x0000015d2efd55b8]
Event: 2.841 Thread 0x0000015d417e1800 nmethod 1940 0x0000015d2efd4d10 code [0x0000015d2efd4ea0, 0x0000015d2efd51f0]
Event: 2.849 Thread 0x0000015d417e1800 1941       3       java.util.logging.LogManager::getProperty (9 bytes)
Event: 2.849 Thread 0x0000015d417e1800 nmethod 1941 0x0000015d2efd2ad0 code [0x0000015d2efd2c40, 0x0000015d2efd2e70]
Event: 2.850 Thread 0x0000015d417d3800 1942       4       java.lang.CharacterDataLatin1::toUpperCase (53 bytes)
Event: 2.851 Thread 0x0000015d417d3800 nmethod 1942 0x0000015d2efd8f90 code [0x0000015d2efd90c0, 0x0000015d2efd9198]

GC Heap History (2 events):
Event: 1.567 GC heap before
{Heap before GC invocations=1 (full 0):
 PSYoungGen      total 37888K, used 32768K [0x00000000eab00000, 0x00000000ed500000, 0x0000000100000000)
  eden space 32768K, 100% used [0x00000000eab00000,0x00000000ecb00000,0x00000000ecb00000)
  from space 5120K, 0% used [0x00000000ed000000,0x00000000ed000000,0x00000000ed500000)
  to   space 5120K, 0% used [0x00000000ecb00000,0x00000000ecb00000,0x00000000ed000000)
 ParOldGen       total 86016K, used 0K [0x00000000c0000000, 0x00000000c5400000, 0x00000000eab00000)
  object space 86016K, 0% used [0x00000000c0000000,0x00000000c0000000,0x00000000c5400000)
 Metaspace       used 16361K, capacity 16586K, committed 16896K, reserved 1064960K
  class space    used 2137K, capacity 2214K, committed 2304K, reserved 1048576K
Event: 1.573 GC heap after
Heap after GC invocations=1 (full 0):
 PSYoungGen      total 37888K, used 5104K [0x00000000eab00000, 0x00000000ed500000, 0x0000000100000000)
  eden space 32768K, 0% used [0x00000000eab00000,0x00000000eab00000,0x00000000ecb00000)
  from space 5120K, 99% used [0x00000000ecb00000,0x00000000ecffc040,0x00000000ed000000)
  to   space 5120K, 0% used [0x00000000ed000000,0x00000000ed000000,0x00000000ed500000)
 ParOldGen       total 86016K, used 2161K [0x00000000c0000000, 0x00000000c5400000, 0x00000000eab00000)
  object space 86016K, 2% used [0x00000000c0000000,0x00000000c021c448,0x00000000c5400000)
 Metaspace       used 16361K, capacity 16586K, committed 16896K, reserved 1064960K
  class space    used 2137K, capacity 2214K, committed 2304K, reserved 1048576K
}

Deoptimization events (10 events):
Event: 2.604 Thread 0x0000015d42f63000 Uncommon trap: reason=unstable_if action=reinterpret pc=0x0000015d2ed3a3b0 method=java.lang.Character.isSurrogate(C)Z @ 3
Event: 2.835 Thread 0x0000015d42f63000 Uncommon trap: reason=unstable_if action=reinterpret pc=0x0000015d2ec51984 method=java.util.regex.Pattern$GroupTail.match(Ljava/util/regex/Matcher;ILjava/lang/CharSequence;)Z @ 13
Event: 2.838 Thread 0x0000015d42f63000 Uncommon trap: reason=class_check action=maybe_recompile pc=0x0000015d2ed132b0 method=java.util.regex.Pattern$Curly.match0(Ljava/util/regex/Matcher;IILjava/lang/CharSequence;)Z @ 31
Event: 2.838 Thread 0x0000015d42f63000 Uncommon trap: reason=class_check action=maybe_recompile pc=0x0000015d2ece2dcc method=java.util.regex.Pattern$5.isSatisfiedBy(I)Z @ 5
Event: 2.839 Thread 0x0000015d42f63000 Uncommon trap: reason=class_check action=maybe_recompile pc=0x0000015d2ed132b0 method=java.util.regex.Pattern$Curly.match0(Ljava/util/regex/Matcher;IILjava/lang/CharSequence;)Z @ 31
Event: 2.839 Thread 0x0000015d42f63000 Uncommon trap: reason=class_check action=maybe_recompile pc=0x0000015d2ece2dcc method=java.util.regex.Pattern$5.isSatisfiedBy(I)Z @ 5
Event: 2.839 Thread 0x0000015d42f63000 Uncommon trap: reason=class_check action=maybe_recompile pc=0x0000015d2ed132b0 method=java.util.regex.Pattern$Curly.match0(Ljava/util/regex/Matcher;IILjava/lang/CharSequence;)Z @ 31
Event: 2.839 Thread 0x0000015d42f63000 Uncommon trap: reason=class_check action=maybe_recompile pc=0x0000015d2ece2dcc method=java.util.regex.Pattern$5.isSatisfiedBy(I)Z @ 5
Event: 2.839 Thread 0x0000015d42f63000 Uncommon trap: reason=class_check action=maybe_recompile pc=0x0000015d2ed132b0 method=java.util.regex.Pattern$Curly.match0(Ljava/util/regex/Matcher;IILjava/lang/CharSequence;)Z @ 31
Event: 2.839 Thread 0x0000015d42f63000 Uncommon trap: reason=class_check action=maybe_recompile pc=0x0000015d2ece2dcc method=java.util.regex.Pattern$5.isSatisfiedBy(I)Z @ 5

Classes redefined (0 events):
No events

Internal exceptions (10 events):
Event: 0.096 Thread 0x0000015d2cfbf800 Exception <a 'java/security/PrivilegedActionException'> (0x00000000eac47fe0) thrown at [C:\jenkins\workspace\8-2-build-windows-amd64-cygwin\jdk8u271\605\hotspot\src\share\vm\prims\jvm.cpp, line 1512]
Event: 0.096 Thread 0x0000015d2cfbf800 Exception <a 'java/security/PrivilegedActionException'> (0x00000000eac481f0) thrown at [C:\jenkins\workspace\8-2-build-windows-amd64-cygwin\jdk8u271\605\hotspot\src\share\vm\prims\jvm.cpp, line 1512]
Event: 0.097 Thread 0x0000015d2cfbf800 Exception <a 'java/security/PrivilegedActionException'> (0x00000000eac4be60) thrown at [C:\jenkins\workspace\8-2-build-windows-amd64-cygwin\jdk8u271\605\hotspot\src\share\vm\prims\jvm.cpp, line 1512]
Event: 0.097 Thread 0x0000015d2cfbf800 Exception <a 'java/security/PrivilegedActionException'> (0x00000000eac4c070) thrown at [C:\jenkins\workspace\8-2-build-windows-amd64-cygwin\jdk8u271\605\hotspot\src\share\vm\prims\jvm.cpp, line 1512]
Event: 0.100 Thread 0x0000015d2cfbf800 Exception <a 'java/io/FileNotFoundException'> (0x00000000eac4ead0) thrown at [C:\jenkins\workspace\8-2-build-windows-amd64-cygwin\jdk8u271\605\hotspot\src\share\vm\prims\jni.cpp, line 710]
Event: 0.134 Thread 0x0000015d2cfbf800 Exception <a 'java/lang/NoSuchFieldError': method resolution failed> (0x00000000ead1f640) thrown at [C:\jenkins\workspace\8-2-build-windows-amd64-cygwin\jdk8u271\605\hotspot\src\share\vm\prims\methodHandles.cpp, line 1169]
Event: 0.135 Thread 0x0000015d2cfbf800 Exception <a 'java/lang/NoSuchFieldError': method resolution failed> (0x00000000ead2ca10) thrown at [C:\jenkins\workspace\8-2-build-windows-amd64-cygwin\jdk8u271\605\hotspot\src\share\vm\prims\methodHandles.cpp, line 1169]
Event: 0.256 Thread 0x0000015d42f63000 Exception <a 'java/io/FileNotFoundException'> (0x00000000eb0b0fd0) thrown at [C:\jenkins\workspace\8-2-build-windows-amd64-cygwin\jdk8u271\605\hotspot\src\share\vm\prims\jni.cpp, line 710]
Event: 2.204 Thread 0x0000015d42f63000 Implicit null exception at 0x0000015d2ed7e894 to 0x0000015d2ed7ec41
Event: 2.204 Thread 0x0000015d42f63000 Implicit null exception at 0x0000015d2ebc1ad6 to 0x0000015d2ebc1e75

Events (10 events):
Event: 2.852 loading class org/oscim/renderer/GLViewport
Event: 2.852 loading class org/oscim/renderer/GLViewport done
Event: 2.852 loading class org/oscim/renderer/NativeBufferPool
Event: 2.852 loading class org/oscim/renderer/NativeBufferPool done
Event: 2.852 loading class org/oscim/utils/pool/Pool
Event: 2.852 loading class org/oscim/utils/pool/Pool done
Event: 2.852 loading class org/oscim/renderer/NativeBufferPool$BufferItem
Event: 2.852 loading class org/oscim/renderer/NativeBufferPool$BufferItem done
Event: 2.852 loading class org/oscim/renderer/BufferObject
Event: 2.852 loading class org/oscim/renderer/BufferObject done


Dynamic libraries:
0x00007ff69ef80000 - 0x00007ff69efc7000 	C:\Program Files (x86)\Common Files\Oracle\Java\javapath\java.exe
0x00007ffbd9e70000 - 0x00007ffbda065000 	C:\WINDOWS\SYSTEM32\ntdll.dll
0x00007ffbd88d0000 - 0x00007ffbd898d000 	C:\WINDOWS\System32\KERNEL32.DLL
0x00007ffbd78f0000 - 0x00007ffbd7bb8000 	C:\WINDOWS\System32\KERNELBASE.dll
0x00007ffbd8b20000 - 0x00007ffbd8bcc000 	C:\WINDOWS\System32\ADVAPI32.dll
0x00007ffbd96d0000 - 0x00007ffbd976e000 	C:\WINDOWS\System32\msvcrt.dll
0x00007ffbd9630000 - 0x00007ffbd96cb000 	C:\WINDOWS\System32\sechost.dll
0x00007ffbd8310000 - 0x00007ffbd843b000 	C:\WINDOWS\System32\RPCRT4.dll
0x00007ffbd9490000 - 0x00007ffbd9630000 	C:\WINDOWS\System32\USER32.dll
0x00007ffbd7860000 - 0x00007ffbd7882000 	C:\WINDOWS\System32\win32u.dll
0x00007ffbd8d10000 - 0x00007ffbd8d3a000 	C:\WINDOWS\System32\GDI32.dll
0x00007ffbd7600000 - 0x00007ffbd770b000 	C:\WINDOWS\System32\gdi32full.dll
0x00007ffbd7710000 - 0x00007ffbd77ad000 	C:\WINDOWS\System32\msvcp_win.dll
0x00007ffbd7bc0000 - 0x00007ffbd7cc0000 	C:\WINDOWS\System32\ucrtbase.dll
0x00007ffbb3080000 - 0x00007ffbb331a000 	C:\WINDOWS\WinSxS\amd64_microsoft.windows.common-controls_6595b64144ccf1df_6.0.19041.844_none_ca00b6081b84eb1d\COMCTL32.dll
0x00007ffbd9830000 - 0x00007ffbd9860000 	C:\WINDOWS\System32\IMM32.DLL
0x00007ffbb23b0000 - 0x00007ffbb23c5000 	C:\Program Files\Java\jre1.8.0_271\bin\vcruntime140.dll
0x00007ffbb2310000 - 0x00007ffbb23ab000 	C:\Program Files\Java\jre1.8.0_271\bin\msvcp140.dll
0x0000000066bd0000 - 0x000000006743f000 	C:\Program Files\Java\jre1.8.0_271\bin\server\jvm.dll
0x00007ffbd7ed0000 - 0x00007ffbd7ed8000 	C:\WINDOWS\System32\PSAPI.DLL
0x00007ffbb7b70000 - 0x00007ffbb7b79000 	C:\WINDOWS\SYSTEM32\WSOCK32.dll
0x00007ffbb7ce0000 - 0x00007ffbb7d07000 	C:\WINDOWS\SYSTEM32\WINMM.dll
0x00007ffbd0780000 - 0x00007ffbd078a000 	C:\WINDOWS\SYSTEM32\VERSION.dll
0x00007ffbd9db0000 - 0x00007ffbd9e1b000 	C:\WINDOWS\System32\WS2_32.dll
0x00007ffbd5e80000 - 0x00007ffbd5e92000 	C:\WINDOWS\SYSTEM32\kernel.appcore.dll
0x00007ffbcc350000 - 0x00007ffbcc360000 	C:\Program Files\Java\jre1.8.0_271\bin\verify.dll
0x00007ffbb22e0000 - 0x00007ffbb230b000 	C:\Program Files\Java\jre1.8.0_271\bin\java.dll
0x00007ffbb22c0000 - 0x00007ffbb22d8000 	C:\Program Files\Java\jre1.8.0_271\bin\zip.dll
0x00007ffbd8d40000 - 0x00007ffbd9482000 	C:\WINDOWS\System32\SHELL32.dll
0x00007ffbd5400000 - 0x00007ffbd5b91000 	C:\WINDOWS\SYSTEM32\windows.storage.dll
0x00007ffbd8440000 - 0x00007ffbd8795000 	C:\WINDOWS\System32\combase.dll
0x00007ffbd7020000 - 0x00007ffbd704c000 	C:\WINDOWS\SYSTEM32\Wldp.dll
0x00007ffbd8820000 - 0x00007ffbd88ce000 	C:\WINDOWS\System32\SHCORE.dll
0x00007ffbd8990000 - 0x00007ffbd89e5000 	C:\WINDOWS\System32\shlwapi.dll
0x00007ffbd74f0000 - 0x00007ffbd750f000 	C:\WINDOWS\SYSTEM32\profapi.dll
0x00007ffba9450000 - 0x00007ffba95e4000 	C:\Program Files\Java\jre1.8.0_271\bin\awt.dll
0x00007ffbd7ee0000 - 0x00007ffbd7fad000 	C:\WINDOWS\System32\OLEAUT32.dll
0x00007ffbd4a60000 - 0x00007ffbd4af0000 	C:\WINDOWS\SYSTEM32\apphelp.dll
0x00007ffbd4c10000 - 0x00007ffbd4cae000 	C:\WINDOWS\system32\uxtheme.dll
0x00007ffbd8bf0000 - 0x00007ffbd8d05000 	C:\WINDOWS\System32\MSCTF.dll
0x00007ffbd89f0000 - 0x00007ffbd8b1a000 	C:\WINDOWS\System32\ole32.dll
0x00007ffbd77b0000 - 0x00007ffbd7830000 	C:\WINDOWS\System32\bcryptPrimitives.dll
0x00007ffbd4ef0000 - 0x00007ffbd4f1f000 	C:\WINDOWS\system32\DWMAPI.DLL
0x0000000061480000 - 0x00000000614ab000 	C:\Users\Higli\AppData\Local\Temp\libgdxHigli\e4b37b88\vtm-jni64.dll
0x00007ffbb2290000 - 0x00007ffbb22ba000 	C:\Program Files\Java\jre1.8.0_271\bin\dcpr.dll
0x00007ffbb2240000 - 0x00007ffbb2289000 	C:\Program Files\Java\jre1.8.0_271\bin\fontmanager.dll
0x00007ffbb2220000 - 0x00007ffbb223c000 	C:\Program Files\Java\jre1.8.0_271\bin\net.dll
0x00007ffbd6d90000 - 0x00007ffbd6dfa000 	C:\WINDOWS\system32\mswsock.dll
0x00007ffbacc40000 - 0x00007ffbacc53000 	C:\Program Files\Java\jre1.8.0_271\bin\nio.dll
0x00007ffbbd700000 - 0x00007ffbbd7b0000 	C:\WINDOWS\WinSxS\amd64_microsoft.windows.common-controls_6595b64144ccf1df_5.82.19041.844_none_423537bff6b9828c\comctl32.dll
0x00007ffbd75b0000 - 0x00007ffbd75fe000 	C:\WINDOWS\System32\CFGMGR32.dll
0x00007ffbd8040000 - 0x00007ffbd80e9000 	C:\WINDOWS\System32\clbcatq.dll
0x00007ffbd2dd0000 - 0x00007ffbd2ec7000 	C:\WINDOWS\system32\propsys.dll
0x00007ffbc0290000 - 0x00007ffbc02a7000 	C:\WINDOWS\system32\NetworkExplorer.dll
0x00007ffbd0eb0000 - 0x00007ffbd1064000 	C:\WINDOWS\SYSTEM32\WindowsCodecs.dll
0x00007ffbd7830000 - 0x00007ffbd7857000 	C:\WINDOWS\System32\bcrypt.dll
0x00007ffba2dd0000 - 0x00007ffba2e36000 	C:\Windows\System32\thumbcache.dll
0x00007ffbd2b60000 - 0x00007ffbd2c00000 	C:\WINDOWS\SYSTEM32\policymanager.dll
0x00007ffbd6750000 - 0x00007ffbd67da000 	C:\WINDOWS\SYSTEM32\msvcp110_win.dll
0x00007ffba47c0000 - 0x00007ffba48e6000 	C:\WINDOWS\system32\opengl32.dll
0x00007ffba4750000 - 0x00007ffba477c000 	C:\WINDOWS\SYSTEM32\GLU32.dll
0x00007ffbacbf0000 - 0x00007ffbacc33000 	C:\Program Files\Java\jre1.8.0_271\bin\t2k.dll
0x00007ffbabd90000 - 0x00007ffbabdad000 	C:\WINDOWS\SYSTEM32\MPR.dll
0x00007ffbb9cf0000 - 0x00007ffbb9d0d000 	C:\WINDOWS\System32\p9np.dll
0x0000000180000000 - 0x0000000180023000 	C:\WINDOWS\system32\cbfsNetRdr6.dll
0x00007ffbc2390000 - 0x00007ffbc23a8000 	C:\WINDOWS\system32\NETAPI32.dll
0x00007ffbb9e30000 - 0x00007ffbb9e58000 	C:\WINDOWS\system32\SRVCLI.DLL
0x00007ffbd1d90000 - 0x00007ffbd1d9b000 	C:\WINDOWS\System32\drprov.dll
0x00007ffbd63a0000 - 0x00007ffbd63fa000 	C:\WINDOWS\System32\WINSTA.dll
0x00007ffbb6820000 - 0x00007ffbb6838000 	C:\WINDOWS\System32\ntlanman.dll
0x00007ffba9ca0000 - 0x00007ffba9cbe000 	C:\WINDOWS\System32\davclnt.dll
0x00007ffbd07b0000 - 0x00007ffbd07bd000 	C:\WINDOWS\System32\DAVHLPR.dll
0x00007ffbd67e0000 - 0x00007ffbd67f7000 	C:\WINDOWS\System32\wkscli.dll
0x00007ffbb1a30000 - 0x00007ffbb1a42000 	C:\WINDOWS\SYSTEM32\cscapi.dll
0x00007ffbd6a70000 - 0x00007ffbd6a7c000 	C:\WINDOWS\System32\netutils.dll
0x00007ffba2f20000 - 0x00007ffba2f78000 	C:\Windows\System32\dlnashext.dll
0x00007ffbb2bd0000 - 0x00007ffbb2c34000 	C:\Windows\System32\PlayToDevice.dll
0x00007ffbd0790000 - 0x00007ffbd07b0000 	C:\Windows\System32\DevDispItemProvider.dll
0x00007ffbcaf90000 - 0x00007ffbcb015000 	C:\WINDOWS\System32\MMDevApi.dll
0x00007ffbd7380000 - 0x00007ffbd73ac000 	C:\WINDOWS\System32\DEVOBJ.dll
0x00007ffba2e70000 - 0x00007ffba2f13000 	C:\WINDOWS\system32\wpdshext.dll
0x00007ffbb6d50000 - 0x00007ffbb6efb000 	C:\WINDOWS\WinSxS\amd64_microsoft.windows.gdiplus_6595b64144ccf1df_1.1.19041.928_none_faefac437613c6cc\gdiplus.dll
0x00007ffbd06d0000 - 0x00007ffbd0773000 	C:\Windows\System32\PortableDeviceApi.dll
0x00007ffbd9860000 - 0x00007ffbd9cc9000 	C:\WINDOWS\System32\SETUPAPI.dll
0x00007ffbd7890000 - 0x00007ffbd78f0000 	C:\WINDOWS\System32\WINTRUST.dll
0x00007ffbd7cc0000 - 0x00007ffbd7e1f000 	C:\WINDOWS\System32\CRYPT32.dll
0x00007ffbd71a0000 - 0x00007ffbd71b2000 	C:\WINDOWS\System32\MSASN1.dll
0x00007ffbcc790000 - 0x00007ffbcc7c2000 	C:\Windows\System32\PortableDeviceTypes.dll
0x00007ffbb3cd0000 - 0x00007ffbb3d07000 	C:\Windows\System32\EhStorShell.dll
0x00007ffbb9d90000 - 0x00007ffbb9db6000 	C:\Windows\System32\EhStorAPI.dll
0x00007ffbd2f30000 - 0x00007ffbd2f44000 	C:\Windows\System32\WTSAPI32.dll
0x00007ffbc1e90000 - 0x00007ffbc1e9c000 	C:\WINDOWS\SYSTEM32\Secur32.dll
0x00007ffbd7470000 - 0x00007ffbd74a1000 	C:\WINDOWS\SYSTEM32\SSPICLI.DLL
0x00007ffbcd700000 - 0x00007ffbcd719000 	C:\WINDOWS\SYSTEM32\samcli.dll
0x00007ffbd2ed0000 - 0x00007ffbd2ef4000 	C:\WINDOWS\SYSTEM32\SAMLIB.dll
0x0000000065ac0000 - 0x0000000065b0b000 	C:\Users\Higli\AppData\Local\Temp\libgdxHigli\7d76f548\gdx64.dll
0x00007ffbd6f70000 - 0x00007ffbd6f88000 	C:\WINDOWS\SYSTEM32\CRYPTSP.dll
0x00007ffbd66c0000 - 0x00007ffbd66f4000 	C:\WINDOWS\system32\rsaenh.dll
0x00007ffbd74b0000 - 0x00007ffbd74de000 	C:\WINDOWS\SYSTEM32\USERENV.dll
0x00007ffbd6f60000 - 0x00007ffbd6f6c000 	C:\WINDOWS\SYSTEM32\CRYPTBASE.dll
0x00007ffbd6a30000 - 0x00007ffbd6a6b000 	C:\WINDOWS\SYSTEM32\IPHLPAPI.DLL
0x00007ffbd9e20000 - 0x00007ffbd9e28000 	C:\WINDOWS\System32\NSI.dll
0x00007ffbd53e0000 - 0x00007ffbd53f7000 	C:\WINDOWS\SYSTEM32\dhcpcsvc6.DLL
0x00007ffbd53c0000 - 0x00007ffbd53dd000 	C:\WINDOWS\SYSTEM32\dhcpcsvc.DLL
0x00007ffbd6a80000 - 0x00007ffbd6b4c000 	C:\WINDOWS\SYSTEM32\DNSAPI.dll
0x0000015d46780000 - 0x0000015d467d3000 	C:\Users\Higli\AppData\Local\Temp\libgdxHigli\1cecf4f6\lwjgl64.dll
0x00007ffbd1e30000 - 0x00007ffbd1ede000 	C:\WINDOWS\SYSTEM32\mscms.dll
0x00007ffbd1d70000 - 0x00007ffbd1d81000 	C:\WINDOWS\SYSTEM32\ColorAdapterClient.dll
0x00007ffbce2d0000 - 0x00007ffbce313000 	C:\Windows\System32\Windows.Internal.Graphics.Display.DisplayColorManagement.dll
0x00007ffbbd930000 - 0x00007ffbbda29000 	C:\WINDOWS\SYSTEM32\textinputframework.dll
0x00007ffbd43f0000 - 0x00007ffbd474e000 	C:\WINDOWS\System32\CoreUIComponents.dll
0x00007ffbd4750000 - 0x00007ffbd4842000 	C:\WINDOWS\System32\CoreMessaging.dll
0x00007ffbd62f0000 - 0x00007ffbd6323000 	C:\WINDOWS\SYSTEM32\ntmarta.dll
0x00007ffbd2f50000 - 0x00007ffbd30a4000 	C:\WINDOWS\SYSTEM32\wintypes.dll
0x00007ffbc05d0000 - 0x00007ffbc05d7000 	C:\Program Files\Java\jre1.8.0_271\bin\jawt.dll
0x00007ffbcfb20000 - 0x00007ffbcfc19000 	C:\Windows\System32\AppXDeploymentClient.dll
0x00007ffb73ae0000 - 0x00007ffb74a71000 	C:\WINDOWS\System32\DriverStore\FileRepository\iigd_dch.inf_amd64_87079a2c2326a956\ig9icd64.dll
0x00007ffbd5ef0000 - 0x00007ffbd5fe3000 	C:\WINDOWS\system32\dxgi.dll
0x00007ffb7bbe0000 - 0x00007ffb7bfd6000 	C:\WINDOWS\System32\DriverStore\FileRepository\iigd_dch.inf_amd64_87079a2c2326a956\igdml64.dll
0x00007ffbcb520000 - 0x00007ffbcb850000 	C:\WINDOWS\System32\DriverStore\FileRepository\iigd_dch.inf_amd64_87079a2c2326a956\igdgmm64.dll
0x00007ffbc6fd0000 - 0x00007ffbc9b83000 	C:\WINDOWS\System32\DriverStore\FileRepository\iigd_dch.inf_amd64_87079a2c2326a956\igc64.dll
0x00007ffbd6b50000 - 0x00007ffbd6b9b000 	C:\WINDOWS\SYSTEM32\powrprof.dll
0x00007ffbd6a10000 - 0x00007ffbd6a22000 	C:\WINDOWS\SYSTEM32\UMPDC.dll
0x00007ffbd5c60000 - 0x00007ffbd5e44000 	C:\WINDOWS\SYSTEM32\dbghelp.dll

VM Arguments:
jvm_args: -Xmx1024M 
java_command: cruiser-gl.jar
java_class_path (initial): cruiser-gl.jar
Launcher Type: SUN_STANDARD

Environment Variables:
PATH=C:\Program Files (x86)\Common Files\Oracle\Java\javapath;C:\Program Files\Java\jdk1.8.0_162\bin\;C:\WINDOWS\system32;C:\WINDOWS;C:\WINDOWS\System32\Wbem;C:\WINDOWS\System32\WindowsPowerShell\v1.0\;C:\WINDOWS\System32\OpenSSH\;C:\Program Files (x86)\AOMEI Backupper;C:\Program Files\Intel\WiFi\bin\;C:\Program Files\Common Files\Intel\WirelessCommon\;C:\Program Files (x86)\CineForm\Tools;C:\Program Files (x86)\GoPro\Tools;C:\Program Files (x86)\Intel\Intel(R) Management Engine Components\DAL;C:\Program Files\Intel\Intel(R) Management Engine Components\DAL;C:\Users\Higli\AppData\Local\Microsoft\WindowsApps
USERNAME=Higli
OS=Windows_NT
PROCESSOR_IDENTIFIER=Intel64 Family 6 Model 142 Stepping 11, GenuineIntel



---------------  S Y S T E M  ---------------

OS: Windows 10.0 , 64 bit Build 19041 (10.0.19041.928)

CPU:total 8 (initial active 8) (4 cores per cpu, 2 threads per core) family 6 model 142 stepping 11, cmov, cx8, fxsr, mmx, sse, sse2, sse3, ssse3, sse4.1, sse4.2, popcnt, avx, avx2, aes, clmul, erms, 3dnowpref, lzcnt, ht, tsc, tscinvbit, bmi1, bmi2, adx

Memory: 4k page, physical 8255776k(3025644k free), swap 10287392k(4077484k free)

vm_info: Java HotSpot(TM) 64-Bit Server VM (25.271-b09) for windows-amd64 JRE (1.8.0_271-b09), built on Sep 16 2020 19:14:59 by "" with MS VC++ 15.9 (VS2017)

time: Mon Apr 26 11:03:13 2021
timezone: Mitteleuropäische Sommerzeit
elapsed time: 2.898333 seconds (0d 0h 0m 2s)

