#
# A fatal error has been detected by the Java Runtime Environment:
#
#  EXCEPTION_ACCESS_VIOLATION (0xc0000005) at pc=0x00000000614819fe, pid=17640, tid=0x00000000000044b4
#
# JRE version: Java(TM) SE Runtime Environment (8.0_271-b09) (build 1.8.0_271-b09)
# Java VM: Java HotSpot(TM) 64-Bit Server VM (25.271-b09 mixed mode windows-amd64 compressed oops)
# Problematic frame:
# C  [vtm-jni64.dll+0x19fe]
#
# Failed to write core dump. Minidumps are not enabled by default on client versions of Windows
#
# If you would like to submit a bug report, please visit:
#   http://bugreport.java.com/bugreport/crash.jsp
# The crash happened outside the Java Virtual Machine in native code.
# See problematic frame for where to report the bug.
#

---------------  T H R E A D  ---------------

Current thread (0x000001db84bc2000):  JavaThread "AWT-EventQueue-0" [_thread_in_native, id=17588, stack(0x00000033d4900000,0x00000033d4a00000)]

siginfo: ExceptionCode=0xc0000005, writing address 0xffffffff87a55f30

Registers:
RAX=0x00000000eba27f60, RBX=0xffffffff87a55f30, RCX=0x000001db84bc21f8, RDX=0x0000000040c00000
RSP=0x00000033d49fde00, RBP=0x00000033d49fdeb8, RSI=0x000001db84bc21f8, RDI=0x00000033d49fded8
R8 =0x00000000eba27f60, R9 =0x0000000000000002, R10=0x000001dbf05e9f22, R11=0x0000000066e0aab0
R12=0x0000000000000000, R13=0x000001db886daaa0, R14=0x00000033d49fdee8, R15=0x000001db84bc2000
RIP=0x00000000614819fe, EFLAGS=0x0000000000010202

Top of Stack: (sp=0x00000033d49fde00)
0x00000033d49fde00:   ffffffff87a55f30 00000033d49fdeb8
0x00000033d49fde10:   000001db84bc21f8 000001db886daaa0
0x00000033d49fde20:   000001db886daaa0 0000000020200021
0x00000033d49fde30:   000001dbf05d7dc0 000001dbf05e9f4e
0x00000033d49fde40:   000001dbf05d7dc0 000001dbf05e9c5b
0x00000033d49fde50:   000001db886daaa0 00000033d49fdeb8
0x00000033d49fde60:   0000000020200021 000001db84bc2000
0x00000033d49fde70:   000001dbf05e9c02 00000033d49fde78
0x00000033d49fde80:   000001db886daaa0 00000033d49fdee8
0x00000033d49fde90:   000001db886dc7a0 0000000000000000
0x00000033d49fdea0:   000001db886daaa0 0000000000000000
0x00000033d49fdeb0:   00000033d49fded8 00000033d49fdf30
0x00000033d49fdec0:   000001dbf05d837d 00000000eba221b0
0x00000033d49fded0:   000001dbf05e2d78 00000000eba27f50
0x00000033d49fdee0:   ffffffff87a55f30 00000000eba23050
0x00000033d49fdef0:   00000033d49fdef0 000001db886d992a 

Instructions: (pc=0x00000000614819fe)
0x00000000614819de:   89 ce 4c 89 cf 45 31 c0 4c 89 ca ff 90 f0 06 00
0x00000000614819ee:   00 48 8b 10 49 89 c0 41 b9 02 00 00 00 48 89 f1
0x00000000614819fe:   48 89 13 48 8b 50 08 48 89 53 08 48 8b 50 10 48
0x0000000061481a0e:   89 53 10 48 8b 50 18 48 89 53 18 48 8b 50 20 48 


Register to memory mapping:

RAX=0x00000000eba27f60 is an oop

[error occurred during error reporting (printing register info), id 0xc0000005]

Stack: [0x00000033d4900000,0x00000033d4a00000],  sp=0x00000033d49fde00,  free space=1015k
Native frames: (J=compiled Java code, j=interpreted, Vv=VM code, C=native code)
C  [vtm-jni64.dll+0x19fe]
C  0x000001dbf05e9f4e

Java frames: (J=compiled Java code, j=interpreted, Vv=VM code)
j  org.oscim.renderer.GLMatrix.set(J[F)V+0
j  org.oscim.renderer.GLMatrix.set([F)V+26
j  org.oscim.map.ViewController.setViewSize(II)V+54
j  org.oscim.gdx.GdxMap.create()V+140
j  gr.talent.d.a.i.create()V+1
j  com.badlogic.gdx.backends.lwjgl.LwjglCanvas.create()V+11
j  com.badlogic.gdx.backends.lwjgl.LwjglCanvas$1.addNotify()V+60
J 1401 C1 java.awt.Container.addImpl(Ljava/awt/Component;Ljava/lang/Object;I)V (364 bytes) @ 0x000001dbf0aa219c [0x000001dbf0aa0ac0+0x16dc]
J 1314 C1 java.awt.Container.add(Ljava/awt/Component;)Ljava/awt/Component; (9 bytes) @ 0x000001dbf0a6a09c [0x000001dbf0a69f80+0x11c]
j  com.badlogic.gdx.backends.lwjgl.LwjglFrame.addCanvas()V+11
j  com.badlogic.gdx.backends.lwjgl.LwjglFrame$2.run()V+4
j  java.awt.event.InvocationEvent.dispatch()V+47
j  java.awt.EventQueue.dispatchEventImpl(Ljava/awt/AWTEvent;Ljava/lang/Object;)V+21
j  java.awt.EventQueue.access$500(Ljava/awt/EventQueue;Ljava/awt/AWTEvent;Ljava/lang/Object;)V+3
j  java.awt.EventQueue$3.run()Ljava/lang/Void;+32
j  java.awt.EventQueue$3.run()Ljava/lang/Object;+1
v  ~StubRoutines::call_stub
J 1836  java.security.AccessController.doPrivileged(Ljava/security/PrivilegedAction;Ljava/security/AccessControlContext;)Ljava/lang/Object; (0 bytes) @ 0x000001dbf0bbb6e6 [0x000001dbf0bbb680+0x66]
j  java.security.ProtectionDomain$JavaSecurityAccessImpl.doIntersectionPrivilege(Ljava/security/PrivilegedAction;Ljava/security/AccessControlContext;Ljava/security/AccessControlContext;)Ljava/lang/Object;+18
j  java.awt.EventQueue.dispatchEvent(Ljava/awt/AWTEvent;)V+46
j  java.awt.EventDispatchThread.pumpOneEventForFilters(I)V+140
j  java.awt.EventDispatchThread.pumpEventsForFilter(ILjava/awt/Conditional;Ljava/awt/EventFilter;)V+35
j  java.awt.EventDispatchThread.pumpEventsForHierarchy(ILjava/awt/Conditional;Ljava/awt/Component;)V+11
j  java.awt.EventDispatchThread.pumpEvents(ILjava/awt/Conditional;)V+4
j  java.awt.EventDispatchThread.pumpEvents(Ljava/awt/Conditional;)V+3
j  java.awt.EventDispatchThread.run()V+9
v  ~StubRoutines::call_stub

---------------  P R O C E S S  ---------------

Java Threads: ( => current thread )
  0x000001db86427800 JavaThread "Swing-Shell" daemon [_thread_blocked, id=5988, stack(0x00000033d4b00000,0x00000033d4c00000)]
  0x000001db86029000 JavaThread "Image Fetcher 0" daemon [_thread_blocked, id=8552, stack(0x00000033d4a00000,0x00000033d4b00000)]
  0x000001dbeeb3b800 JavaThread "DestroyJavaVM" [_thread_blocked, id=9724, stack(0x00000033d3200000,0x00000033d3300000)]
=>0x000001db84bc2000 JavaThread "AWT-EventQueue-0" [_thread_in_native, id=17588, stack(0x00000033d4900000,0x00000033d4a00000)]
  0x000001db84ba8800 JavaThread "AWT-Windows" daemon [_thread_in_native, id=6324, stack(0x00000033d4800000,0x00000033d4900000)]
  0x000001db84ba5800 JavaThread "AWT-Shutdown" [_thread_blocked, id=11716, stack(0x00000033d4700000,0x00000033d4800000)]
  0x000001db84ba4800 JavaThread "Java2D Disposer" daemon [_thread_blocked, id=3220, stack(0x00000033d4600000,0x00000033d4700000)]
  0x000001db84862800 JavaThread "Service Thread" daemon [_thread_blocked, id=16896, stack(0x00000033d4400000,0x00000033d4500000)]
  0x000001db83325000 JavaThread "C1 CompilerThread3" daemon [_thread_blocked, id=12436, stack(0x00000033d4300000,0x00000033d4400000)]
  0x000001db83312000 JavaThread "C2 CompilerThread2" daemon [_thread_blocked, id=8560, stack(0x00000033d4200000,0x00000033d4300000)]
  0x000001db83310800 JavaThread "C2 CompilerThread1" daemon [_thread_blocked, id=1968, stack(0x00000033d4100000,0x00000033d4200000)]
  0x000001db8330e800 JavaThread "C2 CompilerThread0" daemon [_thread_blocked, id=8648, stack(0x00000033d4000000,0x00000033d4100000)]
  0x000001db83305800 JavaThread "Attach Listener" daemon [_thread_blocked, id=13216, stack(0x00000033d3f00000,0x00000033d4000000)]
  0x000001db83305000 JavaThread "Signal Dispatcher" daemon [_thread_blocked, id=18044, stack(0x00000033d3e00000,0x00000033d3f00000)]
  0x000001db832e4000 JavaThread "Finalizer" daemon [_thread_blocked, id=4184, stack(0x00000033d3d00000,0x00000033d3e00000)]
  0x000001db832bc800 JavaThread "Reference Handler" daemon [_thread_blocked, id=16408, stack(0x00000033d3c00000,0x00000033d3d00000)]

Other Threads:
  0x000001db832b4000 VMThread [stack: 0x00000033d3b00000,0x00000033d3c00000] [id=5224]
  0x000001db8338e800 WatcherThread [stack: 0x00000033d4500000,0x00000033d4600000] [id=8284]

VM state:not at safepoint (normal execution)

VM Mutex/Monitor currently owned by a thread: None

heap address: 0x00000000c0000000, size: 1024 MB, Compressed Oops mode: 32-bit
Narrow klass base: 0x0000000000000000, Narrow klass shift: 3
Compressed class space size: 1073741824 Address: 0x0000000100000000

Heap:
 PSYoungGen      total 37888K, used 21576K [0x00000000eab00000, 0x00000000ed500000, 0x0000000100000000)
  eden space 32768K, 50% used [0x00000000eab00000,0x00000000ebb1a228,0x00000000ecb00000)
  from space 5120K, 99% used [0x00000000ecb00000,0x00000000ecff8030,0x00000000ed000000)
  to   space 5120K, 0% used [0x00000000ed000000,0x00000000ed000000,0x00000000ed500000)
 ParOldGen       total 86016K, used 2187K [0x00000000c0000000, 0x00000000c5400000, 0x00000000eab00000)
  object space 86016K, 2% used [0x00000000c0000000,0x00000000c0222df0,0x00000000c5400000)
 Metaspace       used 20236K, capacity 20519K, committed 20864K, reserved 1067008K
  class space    used 2552K, capacity 2635K, committed 2688K, reserved 1048576K

Card table byte_map: [0x000001dbff990000,0x000001dbffba0000] byte_map_base: 0x000001dbff390000

Marking Bits: (ParMarkBitMap*) 0x00000000673c7fe0
 Begin Bits: [0x000001db80000000, 0x000001db81000000)
 End Bits:   [0x000001db81000000, 0x000001db82000000)

Polling page: 0x000001dbeed60000

CodeCache: size=245760Kb used=6368Kb max_used=6378Kb free=239391Kb
 bounds [0x000001dbf05d0000, 0x000001dbf0c10000, 0x000001dbff5d0000]
 total_blobs=2602 nmethods=1941 adapters=573
 compilation: enabled

Compilation events (10 events):
Event: 2.828 Thread 0x000001db83325000 1937       3       java.lang.String::<init> (38 bytes)
Event: 2.828 Thread 0x000001db83325000 nmethod 1937 0x000001dbf0c06ed0 code [0x000001dbf0c07060, 0x000001dbf0c073b0]
Event: 2.828 Thread 0x000001db83325000 1938       3       java.io.ExpiringCache::entryFor (57 bytes)
Event: 2.829 Thread 0x000001db83325000 nmethod 1938 0x000001dbf0c07510 code [0x000001dbf0c076a0, 0x000001dbf0c07c00]
Event: 2.839 Thread 0x000001db8330e800 1939       4       java.util.zip.ZipFile::ensureOpen (37 bytes)
Event: 2.839 Thread 0x000001db83325000 1940       3       java.util.logging.LogManager::getProperty (9 bytes)
Event: 2.839 Thread 0x000001db8330e800 nmethod 1939 0x000001dbf0c0d7d0 code [0x000001dbf0c0d900, 0x000001dbf0c0d998]
Event: 2.840 Thread 0x000001db83325000 nmethod 1940 0x000001dbf0c0d350 code [0x000001dbf0c0d4c0, 0x000001dbf0c0d6f0]
Event: 2.841 Thread 0x000001db83310800 1941       4       java.lang.CharacterDataLatin1::toUpperCase (53 bytes)
Event: 2.841 Thread 0x000001db83310800 nmethod 1941 0x000001dbf0c0bb90 code [0x000001dbf0c0bcc0, 0x000001dbf0c0bd98]

GC Heap History (2 events):
Event: 1.559 GC heap before
{Heap before GC invocations=1 (full 0):
 PSYoungGen      total 37888K, used 32768K [0x00000000eab00000, 0x00000000ed500000, 0x0000000100000000)
  eden space 32768K, 100% used [0x00000000eab00000,0x00000000ecb00000,0x00000000ecb00000)
  from space 5120K, 0% used [0x00000000ed000000,0x00000000ed000000,0x00000000ed500000)
  to   space 5120K, 0% used [0x00000000ecb00000,0x00000000ecb00000,0x00000000ed000000)
 ParOldGen       total 86016K, used 0K [0x00000000c0000000, 0x00000000c5400000, 0x00000000eab00000)
  object space 86016K, 0% used [0x00000000c0000000,0x00000000c0000000,0x00000000c5400000)
 Metaspace       used 16369K, capacity 16582K, committed 16896K, reserved 1064960K
  class space    used 2135K, capacity 2214K, committed 2304K, reserved 1048576K
Event: 1.565 GC heap after
Heap after GC invocations=1 (full 0):
 PSYoungGen      total 37888K, used 5088K [0x00000000eab00000, 0x00000000ed500000, 0x0000000100000000)
  eden space 32768K, 0% used [0x00000000eab00000,0x00000000eab00000,0x00000000ecb00000)
  from space 5120K, 99% used [0x00000000ecb00000,0x00000000ecff8030,0x00000000ed000000)
  to   space 5120K, 0% used [0x00000000ed000000,0x00000000ed000000,0x00000000ed500000)
 ParOldGen       total 86016K, used 2187K [0x00000000c0000000, 0x00000000c5400000, 0x00000000eab00000)
  object space 86016K, 2% used [0x00000000c0000000,0x00000000c0222df0,0x00000000c5400000)
 Metaspace       used 16369K, capacity 16582K, committed 16896K, reserved 1064960K
  class space    used 2135K, capacity 2214K, committed 2304K, reserved 1048576K
}

Deoptimization events (10 events):
Event: 2.583 Thread 0x000001db84bc2000 Uncommon trap: reason=unstable_if action=reinterpret pc=0x000001dbf098a830 method=java.lang.Character.isSurrogate(C)Z @ 3
Event: 2.817 Thread 0x000001db84bc2000 Uncommon trap: reason=unstable_if action=reinterpret pc=0x000001dbf089de44 method=java.util.regex.Pattern$GroupTail.match(Ljava/util/regex/Matcher;ILjava/lang/CharSequence;)Z @ 13
Event: 2.825 Thread 0x000001db84bc2000 Uncommon trap: reason=class_check action=maybe_recompile pc=0x000001dbf09787bc method=java.util.regex.Pattern$Curly.match0(Ljava/util/regex/Matcher;IILjava/lang/CharSequence;)Z @ 31
Event: 2.825 Thread 0x000001db84bc2000 Uncommon trap: reason=class_check action=maybe_recompile pc=0x000001dbf090940c method=java.util.regex.Pattern$5.isSatisfiedBy(I)Z @ 5
Event: 2.826 Thread 0x000001db84bc2000 Uncommon trap: reason=class_check action=maybe_recompile pc=0x000001dbf09787bc method=java.util.regex.Pattern$Curly.match0(Ljava/util/regex/Matcher;IILjava/lang/CharSequence;)Z @ 31
Event: 2.826 Thread 0x000001db84bc2000 Uncommon trap: reason=class_check action=maybe_recompile pc=0x000001dbf090940c method=java.util.regex.Pattern$5.isSatisfiedBy(I)Z @ 5
Event: 2.827 Thread 0x000001db84bc2000 Uncommon trap: reason=class_check action=maybe_recompile pc=0x000001dbf09787bc method=java.util.regex.Pattern$Curly.match0(Ljava/util/regex/Matcher;IILjava/lang/CharSequence;)Z @ 31
Event: 2.827 Thread 0x000001db84bc2000 Uncommon trap: reason=class_check action=maybe_recompile pc=0x000001dbf090940c method=java.util.regex.Pattern$5.isSatisfiedBy(I)Z @ 5
Event: 2.827 Thread 0x000001db84bc2000 Uncommon trap: reason=class_check action=maybe_recompile pc=0x000001dbf09787bc method=java.util.regex.Pattern$Curly.match0(Ljava/util/regex/Matcher;IILjava/lang/CharSequence;)Z @ 31
Event: 2.827 Thread 0x000001db84bc2000 Uncommon trap: reason=class_check action=maybe_recompile pc=0x000001dbf090940c method=java.util.regex.Pattern$5.isSatisfiedBy(I)Z @ 5

Classes redefined (0 events):
No events

Internal exceptions (10 events):
Event: 0.075 Thread 0x000001dbeeb3b800 Exception <a 'java/security/PrivilegedActionException'> (0x00000000eaba3138) thrown at [C:\jenkins\workspace\8-2-build-windows-amd64-cygwin\jdk8u271\605\hotspot\src\share\vm\prims\jvm.cpp, line 1512]
Event: 0.075 Thread 0x000001dbeeb3b800 Exception <a 'java/security/PrivilegedActionException'> (0x00000000eac4ab78) thrown at [C:\jenkins\workspace\8-2-build-windows-amd64-cygwin\jdk8u271\605\hotspot\src\share\vm\prims\jvm.cpp, line 1512]
Event: 0.075 Thread 0x000001dbeeb3b800 Exception <a 'java/security/PrivilegedActionException'> (0x00000000eac4ad88) thrown at [C:\jenkins\workspace\8-2-build-windows-amd64-cygwin\jdk8u271\605\hotspot\src\share\vm\prims\jvm.cpp, line 1512]
Event: 0.079 Thread 0x000001dbeeb3b800 Exception <a 'java/io/FileNotFoundException'> (0x00000000eac4d7e8) thrown at [C:\jenkins\workspace\8-2-build-windows-amd64-cygwin\jdk8u271\605\hotspot\src\share\vm\prims\jni.cpp, line 710]
Event: 0.105 Thread 0x000001dbeeb3b800 Exception <a 'java/lang/NoSuchFieldError': method resolution failed> (0x00000000ead1e510) thrown at [C:\jenkins\workspace\8-2-build-windows-amd64-cygwin\jdk8u271\605\hotspot\src\share\vm\prims\methodHandles.cpp, line 1169]
Event: 0.106 Thread 0x000001dbeeb3b800 Exception <a 'java/lang/NoSuchFieldError': method resolution failed> (0x00000000ead2b8e0) thrown at [C:\jenkins\workspace\8-2-build-windows-amd64-cygwin\jdk8u271\605\hotspot\src\share\vm\prims\methodHandles.cpp, line 1169]
Event: 0.205 Thread 0x000001db84bc2000 Exception <a 'java/io/FileNotFoundException'> (0x00000000eb0b22b8) thrown at [C:\jenkins\workspace\8-2-build-windows-amd64-cygwin\jdk8u271\605\hotspot\src\share\vm\prims\jni.cpp, line 710]
Event: 2.180 Thread 0x000001db84bc2000 Implicit null exception at 0x000001dbf09cc0d9 to 0x000001dbf09cc485
Event: 2.180 Thread 0x000001db84bc2000 Implicit null exception at 0x000001dbf0802b56 to 0x000001dbf0802ef5
Event: 2.827 Thread 0x000001db84bc2000 Exception <a 'java/io/IOException'> (0x00000000eb9629d0) thrown at [C:\jenkins\workspace\8-2-build-windows-amd64-cygwin\jdk8u271\605\hotspot\src\share\vm\prims\jni.cpp, line 710]

Events (10 events):
Event: 2.842 loading class org/oscim/renderer/GLViewport
Event: 2.842 loading class org/oscim/renderer/GLViewport done
Event: 2.843 loading class org/oscim/renderer/NativeBufferPool
Event: 2.843 loading class org/oscim/renderer/NativeBufferPool done
Event: 2.843 loading class org/oscim/utils/pool/Pool
Event: 2.843 loading class org/oscim/utils/pool/Pool done
Event: 2.843 loading class org/oscim/renderer/NativeBufferPool$BufferItem
Event: 2.843 loading class org/oscim/renderer/NativeBufferPool$BufferItem done
Event: 2.843 loading class org/oscim/renderer/BufferObject
Event: 2.843 loading class org/oscim/renderer/BufferObject done


Dynamic libraries:
0x00007ff70ee40000 - 0x00007ff70ee87000 	C:\Program Files\Java\jre1.8.0_271\bin\javaw.exe
0x00007ffbd9e70000 - 0x00007ffbda065000 	C:\WINDOWS\SYSTEM32\ntdll.dll
0x00007ffbd88d0000 - 0x00007ffbd898d000 	C:\WINDOWS\System32\KERNEL32.DLL
0x00007ffbd78f0000 - 0x00007ffbd7bb8000 	C:\WINDOWS\System32\KERNELBASE.dll
0x00007ffbd4a60000 - 0x00007ffbd4af0000 	C:\WINDOWS\SYSTEM32\apphelp.dll
0x00007ffbd8b20000 - 0x00007ffbd8bcc000 	C:\WINDOWS\System32\ADVAPI32.dll
0x00007ffbd96d0000 - 0x00007ffbd976e000 	C:\WINDOWS\System32\msvcrt.dll
0x00007ffbd9630000 - 0x00007ffbd96cb000 	C:\WINDOWS\System32\sechost.dll
0x00007ffbd8310000 - 0x00007ffbd843b000 	C:\WINDOWS\System32\RPCRT4.dll
0x00007ffbd9490000 - 0x00007ffbd9630000 	C:\WINDOWS\System32\USER32.dll
0x00007ffbd7860000 - 0x00007ffbd7882000 	C:\WINDOWS\System32\win32u.dll
0x00007ffbd8d10000 - 0x00007ffbd8d3a000 	C:\WINDOWS\System32\GDI32.dll
0x00007ffbd7600000 - 0x00007ffbd770b000 	C:\WINDOWS\System32\gdi32full.dll
0x00007ffbd7710000 - 0x00007ffbd77ad000 	C:\WINDOWS\System32\msvcp_win.dll
0x00007ffbd7bc0000 - 0x00007ffbd7cc0000 	C:\WINDOWS\System32\ucrtbase.dll
0x00007ffbb3080000 - 0x00007ffbb331a000 	C:\WINDOWS\WinSxS\amd64_microsoft.windows.common-controls_6595b64144ccf1df_6.0.19041.844_none_ca00b6081b84eb1d\COMCTL32.dll
0x00007ffbd9830000 - 0x00007ffbd9860000 	C:\WINDOWS\System32\IMM32.DLL
0x00007ffbcf9d0000 - 0x00007ffbcf9e5000 	C:\Program Files\Java\jre1.8.0_271\bin\vcruntime140.dll
0x00007ffbb23a0000 - 0x00007ffbb243b000 	C:\Program Files\Java\jre1.8.0_271\bin\msvcp140.dll
0x0000000066bd0000 - 0x000000006743f000 	C:\Program Files\Java\jre1.8.0_271\bin\server\jvm.dll
0x00007ffbd7ed0000 - 0x00007ffbd7ed8000 	C:\WINDOWS\System32\PSAPI.DLL
0x00007ffbb7b70000 - 0x00007ffbb7b79000 	C:\WINDOWS\SYSTEM32\WSOCK32.dll
0x00007ffbd0780000 - 0x00007ffbd078a000 	C:\WINDOWS\SYSTEM32\VERSION.dll
0x00007ffbb7ce0000 - 0x00007ffbb7d07000 	C:\WINDOWS\SYSTEM32\WINMM.dll
0x00007ffbd9db0000 - 0x00007ffbd9e1b000 	C:\WINDOWS\System32\WS2_32.dll
0x00007ffbd5e80000 - 0x00007ffbd5e92000 	C:\WINDOWS\SYSTEM32\kernel.appcore.dll
0x00007ffbd07c0000 - 0x00007ffbd07d0000 	C:\Program Files\Java\jre1.8.0_271\bin\verify.dll
0x00007ffbb2cb0000 - 0x00007ffbb2cdb000 	C:\Program Files\Java\jre1.8.0_271\bin\java.dll
0x00007ffbcda60000 - 0x00007ffbcda78000 	C:\Program Files\Java\jre1.8.0_271\bin\zip.dll
0x00007ffbd8d40000 - 0x00007ffbd9482000 	C:\WINDOWS\System32\SHELL32.dll
0x00007ffbd5400000 - 0x00007ffbd5b91000 	C:\WINDOWS\SYSTEM32\windows.storage.dll
0x00007ffbd8440000 - 0x00007ffbd8795000 	C:\WINDOWS\System32\combase.dll
0x00007ffbd7020000 - 0x00007ffbd704c000 	C:\WINDOWS\SYSTEM32\Wldp.dll
0x00007ffbd8820000 - 0x00007ffbd88ce000 	C:\WINDOWS\System32\SHCORE.dll
0x00007ffbd8990000 - 0x00007ffbd89e5000 	C:\WINDOWS\System32\shlwapi.dll
0x00007ffbd74f0000 - 0x00007ffbd750f000 	C:\WINDOWS\SYSTEM32\profapi.dll
0x00007ffba9450000 - 0x00007ffba95e4000 	C:\Program Files\Java\jre1.8.0_271\bin\awt.dll
0x00007ffbd7ee0000 - 0x00007ffbd7fad000 	C:\WINDOWS\System32\OLEAUT32.dll
0x00007ffbd4c10000 - 0x00007ffbd4cae000 	C:\WINDOWS\system32\uxtheme.dll
0x00007ffbd8bf0000 - 0x00007ffbd8d05000 	C:\WINDOWS\System32\MSCTF.dll
0x00007ffbd89f0000 - 0x00007ffbd8b1a000 	C:\WINDOWS\System32\ole32.dll
0x00007ffbd77b0000 - 0x00007ffbd7830000 	C:\WINDOWS\System32\bcryptPrimitives.dll
0x00007ffbd4ef0000 - 0x00007ffbd4f1f000 	C:\WINDOWS\system32\DWMAPI.DLL
0x0000000061480000 - 0x00000000614ab000 	C:\Users\Higli\AppData\Local\Temp\libgdxHigli\e4b37b88\vtm-jni64.dll
0x00007ffbb2370000 - 0x00007ffbb239a000 	C:\Program Files\Java\jre1.8.0_271\bin\dcpr.dll
0x00007ffbb2320000 - 0x00007ffbb2369000 	C:\Program Files\Java\jre1.8.0_271\bin\fontmanager.dll
0x00007ffbb2c90000 - 0x00007ffbb2cac000 	C:\Program Files\Java\jre1.8.0_271\bin\net.dll
0x00007ffbd6d90000 - 0x00007ffbd6dfa000 	C:\WINDOWS\system32\mswsock.dll
0x00007ffbb2300000 - 0x00007ffbb2313000 	C:\Program Files\Java\jre1.8.0_271\bin\nio.dll
0x00007ffbbd700000 - 0x00007ffbbd7b0000 	C:\WINDOWS\WinSxS\amd64_microsoft.windows.common-controls_6595b64144ccf1df_5.82.19041.844_none_423537bff6b9828c\comctl32.dll
0x00007ffbd75b0000 - 0x00007ffbd75fe000 	C:\WINDOWS\System32\CFGMGR32.dll
0x00007ffbd8040000 - 0x00007ffbd80e9000 	C:\WINDOWS\System32\clbcatq.dll
0x00007ffbd2dd0000 - 0x00007ffbd2ec7000 	C:\WINDOWS\system32\propsys.dll
0x00007ffbc0290000 - 0x00007ffbc02a7000 	C:\WINDOWS\system32\NetworkExplorer.dll
0x00007ffbd0eb0000 - 0x00007ffbd1064000 	C:\WINDOWS\SYSTEM32\WindowsCodecs.dll
0x00007ffbd7830000 - 0x00007ffbd7857000 	C:\WINDOWS\System32\bcrypt.dll
0x00007ffba2dd0000 - 0x00007ffba2e36000 	C:\Windows\System32\thumbcache.dll
0x00007ffba47c0000 - 0x00007ffba48e6000 	C:\WINDOWS\system32\opengl32.dll
0x00007ffba4750000 - 0x00007ffba477c000 	C:\WINDOWS\SYSTEM32\GLU32.dll
0x00007ffbb22b0000 - 0x00007ffbb22f3000 	C:\Program Files\Java\jre1.8.0_271\bin\t2k.dll
0x00007ffbabd90000 - 0x00007ffbabdad000 	C:\WINDOWS\SYSTEM32\MPR.dll
0x00007ffbb9cf0000 - 0x00007ffbb9d0d000 	C:\WINDOWS\System32\p9np.dll
0x0000000180000000 - 0x0000000180023000 	C:\WINDOWS\system32\cbfsNetRdr6.dll
0x00007ffbc2390000 - 0x00007ffbc23a8000 	C:\WINDOWS\system32\NETAPI32.dll
0x00007ffbb9e30000 - 0x00007ffbb9e58000 	C:\WINDOWS\system32\SRVCLI.DLL
0x00007ffbd1d90000 - 0x00007ffbd1d9b000 	C:\WINDOWS\System32\drprov.dll
0x00007ffbd63a0000 - 0x00007ffbd63fa000 	C:\WINDOWS\System32\WINSTA.dll
0x00007ffbb6820000 - 0x00007ffbb6838000 	C:\WINDOWS\System32\ntlanman.dll
0x00007ffba9ca0000 - 0x00007ffba9cbe000 	C:\WINDOWS\System32\davclnt.dll
0x00007ffbd07b0000 - 0x00007ffbd07bd000 	C:\WINDOWS\System32\DAVHLPR.dll
0x00007ffbd67e0000 - 0x00007ffbd67f7000 	C:\WINDOWS\System32\wkscli.dll
0x00007ffbb1a30000 - 0x00007ffbb1a42000 	C:\WINDOWS\SYSTEM32\cscapi.dll
0x00007ffbd6a70000 - 0x00007ffbd6a7c000 	C:\WINDOWS\System32\netutils.dll
0x00007ffba2f20000 - 0x00007ffba2f78000 	C:\Windows\System32\dlnashext.dll
0x00007ffbb2bd0000 - 0x00007ffbb2c34000 	C:\Windows\System32\PlayToDevice.dll
0x00007ffbd0790000 - 0x00007ffbd07b0000 	C:\Windows\System32\DevDispItemProvider.dll
0x00007ffbcaf90000 - 0x00007ffbcb015000 	C:\WINDOWS\System32\MMDevApi.dll
0x00007ffbd7380000 - 0x00007ffbd73ac000 	C:\WINDOWS\System32\DEVOBJ.dll
0x00007ffba2e70000 - 0x00007ffba2f13000 	C:\WINDOWS\system32\wpdshext.dll
0x00007ffbb6d50000 - 0x00007ffbb6efb000 	C:\WINDOWS\WinSxS\amd64_microsoft.windows.gdiplus_6595b64144ccf1df_1.1.19041.928_none_faefac437613c6cc\gdiplus.dll
0x00007ffbd06d0000 - 0x00007ffbd0773000 	C:\Windows\System32\PortableDeviceApi.dll
0x00007ffbd9860000 - 0x00007ffbd9cc9000 	C:\WINDOWS\System32\SETUPAPI.dll
0x00007ffbd7890000 - 0x00007ffbd78f0000 	C:\WINDOWS\System32\WINTRUST.dll
0x00007ffbd7cc0000 - 0x00007ffbd7e1f000 	C:\WINDOWS\System32\CRYPT32.dll
0x00007ffbd71a0000 - 0x00007ffbd71b2000 	C:\WINDOWS\System32\MSASN1.dll
0x00007ffbcc790000 - 0x00007ffbcc7c2000 	C:\Windows\System32\PortableDeviceTypes.dll
0x00007ffbb3cd0000 - 0x00007ffbb3d07000 	C:\Windows\System32\EhStorShell.dll
0x00007ffbb9d90000 - 0x00007ffbb9db6000 	C:\Windows\System32\EhStorAPI.dll
0x00007ffbd2f30000 - 0x00007ffbd2f44000 	C:\Windows\System32\WTSAPI32.dll
0x00007ffbc1e90000 - 0x00007ffbc1e9c000 	C:\WINDOWS\SYSTEM32\Secur32.dll
0x00007ffbd7470000 - 0x00007ffbd74a1000 	C:\WINDOWS\SYSTEM32\SSPICLI.DLL
0x00007ffbcd700000 - 0x00007ffbcd719000 	C:\WINDOWS\SYSTEM32\samcli.dll
0x00007ffbd2ed0000 - 0x00007ffbd2ef4000 	C:\WINDOWS\SYSTEM32\SAMLIB.dll
0x0000000065ac0000 - 0x0000000065b0b000 	C:\Users\Higli\AppData\Local\Temp\libgdxHigli\7d76f548\gdx64.dll
0x000001db881b0000 - 0x000001db88203000 	C:\Users\Higli\AppData\Local\Temp\libgdxHigli\1cecf4f6\lwjgl64.dll
0x00007ffbd1e30000 - 0x00007ffbd1ede000 	C:\WINDOWS\SYSTEM32\mscms.dll
0x00007ffbd74b0000 - 0x00007ffbd74de000 	C:\WINDOWS\SYSTEM32\USERENV.dll
0x00007ffbd1d70000 - 0x00007ffbd1d81000 	C:\WINDOWS\SYSTEM32\ColorAdapterClient.dll
0x00007ffbce2d0000 - 0x00007ffbce313000 	C:\Windows\System32\Windows.Internal.Graphics.Display.DisplayColorManagement.dll
0x00007ffbd6f70000 - 0x00007ffbd6f88000 	C:\WINDOWS\SYSTEM32\CRYPTSP.dll
0x00007ffbd66c0000 - 0x00007ffbd66f4000 	C:\WINDOWS\system32\rsaenh.dll
0x00007ffbd6f60000 - 0x00007ffbd6f6c000 	C:\WINDOWS\SYSTEM32\CRYPTBASE.dll
0x00007ffbd6a30000 - 0x00007ffbd6a6b000 	C:\WINDOWS\SYSTEM32\IPHLPAPI.DLL
0x00007ffbd9e20000 - 0x00007ffbd9e28000 	C:\WINDOWS\System32\NSI.dll
0x00007ffbd53e0000 - 0x00007ffbd53f7000 	C:\WINDOWS\SYSTEM32\dhcpcsvc6.DLL
0x00007ffbd53c0000 - 0x00007ffbd53dd000 	C:\WINDOWS\SYSTEM32\dhcpcsvc.DLL
0x00007ffbd6a80000 - 0x00007ffbd6b4c000 	C:\WINDOWS\SYSTEM32\DNSAPI.dll
0x00007ffbbd930000 - 0x00007ffbbda29000 	C:\WINDOWS\SYSTEM32\textinputframework.dll
0x00007ffbd43f0000 - 0x00007ffbd474e000 	C:\WINDOWS\System32\CoreUIComponents.dll
0x00007ffbd4750000 - 0x00007ffbd4842000 	C:\WINDOWS\System32\CoreMessaging.dll
0x00007ffbd62f0000 - 0x00007ffbd6323000 	C:\WINDOWS\SYSTEM32\ntmarta.dll
0x00007ffbd2f50000 - 0x00007ffbd30a4000 	C:\WINDOWS\SYSTEM32\wintypes.dll
0x00007ffbcf950000 - 0x00007ffbcf957000 	C:\Program Files\Java\jre1.8.0_271\bin\jawt.dll
0x00007ffbcfb20000 - 0x00007ffbcfc19000 	C:\Windows\System32\AppXDeploymentClient.dll
0x00007ffb73ae0000 - 0x00007ffb74a71000 	C:\WINDOWS\System32\DriverStore\FileRepository\iigd_dch.inf_amd64_87079a2c2326a956\ig9icd64.dll
0x00007ffbd5ef0000 - 0x00007ffbd5fe3000 	C:\WINDOWS\system32\dxgi.dll
0x00007ffb7bbe0000 - 0x00007ffb7bfd6000 	C:\WINDOWS\System32\DriverStore\FileRepository\iigd_dch.inf_amd64_87079a2c2326a956\igdml64.dll
0x00007ffbcb520000 - 0x00007ffbcb850000 	C:\WINDOWS\System32\DriverStore\FileRepository\iigd_dch.inf_amd64_87079a2c2326a956\igdgmm64.dll
0x00007ffbc6fd0000 - 0x00007ffbc9b83000 	C:\WINDOWS\System32\DriverStore\FileRepository\iigd_dch.inf_amd64_87079a2c2326a956\igc64.dll
0x00007ffbd6b50000 - 0x00007ffbd6b9b000 	C:\WINDOWS\SYSTEM32\powrprof.dll
0x00007ffbd6a10000 - 0x00007ffbd6a22000 	C:\WINDOWS\SYSTEM32\UMPDC.dll
0x00007ffbd5c60000 - 0x00007ffbd5e44000 	C:\WINDOWS\SYSTEM32\dbghelp.dll

VM Arguments:
jvm_args: -Xmx1024m 
java_command: C:\Users\Higli\HiDrive\wahoo\Windows-Wahoo-Map-Creator-Osmosis\cruiser\cruiser-gl.jar
java_class_path (initial): C:\Users\Higli\HiDrive\wahoo\Windows-Wahoo-Map-Creator-Osmosis\cruiser\cruiser-gl.jar
Launcher Type: SUN_STANDARD

Environment Variables:
PATH=C:\Program Files (x86)\Common Files\Oracle\Java\javapath;C:\Program Files\Java\jdk1.8.0_162\bin\;C:\WINDOWS\system32;C:\WINDOWS;C:\WINDOWS\System32\Wbem;C:\WINDOWS\System32\WindowsPowerShell\v1.0\;C:\WINDOWS\System32\OpenSSH\;C:\Program Files (x86)\AOMEI Backupper;C:\Program Files\Intel\WiFi\bin\;C:\Program Files\Common Files\Intel\WirelessCommon\;C:\Program Files (x86)\CineForm\Tools;C:\Program Files (x86)\GoPro\Tools;C:\Program Files (x86)\Intel\Intel(R) Management Engine Components\DAL;C:\Program Files\Intel\Intel(R) Management Engine Components\DAL;C:\Users\Higli\AppData\Local\Microsoft\WindowsApps;C:\Program Files\Java\jre1.8.0_271\bin
USERNAME=Higli
OS=Windows_NT
PROCESSOR_IDENTIFIER=Intel64 Family 6 Model 142 Stepping 11, GenuineIntel



---------------  S Y S T E M  ---------------

OS: Windows 10.0 , 64 bit Build 19041 (10.0.19041.928)

CPU:total 8 (initial active 8) (4 cores per cpu, 2 threads per core) family 6 model 142 stepping 11, cmov, cx8, fxsr, mmx, sse, sse2, sse3, ssse3, sse4.1, sse4.2, popcnt, avx, avx2, aes, clmul, erms, 3dnowpref, lzcnt, ht, tsc, tscinvbit, bmi1, bmi2, adx

Memory: 4k page, physical 8255776k(3034424k free), swap 10287392k(4116812k free)

vm_info: Java HotSpot(TM) 64-Bit Server VM (25.271-b09) for windows-amd64 JRE (1.8.0_271-b09), built on Sep 16 2020 19:14:59 by "" with MS VC++ 15.9 (VS2017)

time: Mon Apr 26 11:02:35 2021
timezone: Mitteleuropäische Sommerzeit
elapsed time: 2.882424 seconds (0d 0h 0m 2s)

